# JRE version: Java(TM) SE Runtime Environment (8.0_231-b11) (build 1.8.0_231-b11)
# Java VM: Java HotSpot(TM) 64-Bit Server VM (25.231-b11 mixed mode windows-amd64 compressed oops)
Heap:
 PSYoungGen      total 272896K, used 53021K [0x000000076ae00000, 0x0000000788d00000, 0x00000007c0000000)
  eden space 262144K, 16% used [0x000000076ae00000,0x000000076d74cb28,0x000000077ae00000)
  from space 10752K, 99% used [0x000000077ae00000,0x000000077b87ac70,0x000000077b880000)
  to   space 35328K, 0% used [0x0000000786a80000,0x0000000786a80000,0x0000000788d00000)
 ParOldGen       total 175104K, used 62034K [0x00000006c0a00000, 0x00000006cb500000, 0x000000076ae00000)
  object space 175104K, 35% used [0x00000006c0a00000,0x00000006c4694838,0x00000006cb500000)
 Metaspace       used 10048K, capacity 10350K, committed 10624K, reserved 1058816K
  class space    used 1265K, capacity 1354K, committed 1408K, reserved 1048576K
GC Heap History (10 events):
Event: 1.267 GC heap before
{Heap before GC invocations=5 (full 0):
 PSYoungGen      total 272896K, used 272864K [0x000000076ae00000, 0x000000077c300000, 0x00000007c0000000)
  eden space 262144K, 100% used [0x000000076ae00000,0x000000077ae00000,0x000000077ae00000)
  from space 10752K, 99% used [0x000000077b880000,0x000000077c2f8300,0x000000077c300000)
  to   space 10752K, 0% used [0x000000077ae00000,0x000000077ae00000,0x000000077b880000)
 ParOldGen       total 175104K, used 39016K [0x00000006c0a00000, 0x00000006cb500000, 0x000000076ae00000)
  object space 175104K, 22% used [0x00000006c0a00000,0x00000006c301a0a8,0x00000006cb500000)
 Metaspace       used 4895K, capacity 5374K, committed 5504K, reserved 1056768K
  class space    used 529K, capacity 562K, committed 640K, reserved 1048576K
Event: 1.275 GC heap after
Heap after GC invocations=5 (full 0):
 PSYoungGen      total 272896K, used 10720K [0x000000076ae00000, 0x000000077c300000, 0x00000007c0000000)
  eden space 262144K, 0% used [0x000000076ae00000,0x000000076ae00000,0x000000077ae00000)
  from space 10752K, 99% used [0x000000077ae00000,0x000000077b878300,0x000000077b880000)
  to   space 10752K, 0% used [0x000000077b880000,0x000000077b880000,0x000000077c300000)
 ParOldGen       total 175104K, used 39380K [0x00000006c0a00000, 0x00000006cb500000, 0x000000076ae00000)
  object space 175104K, 22% used [0x00000006c0a00000,0x00000006c30750b8,0x00000006cb500000)
 Metaspace       used 4895K, capacity 5374K, committed 5504K, reserved 1056768K
  class space    used 529K, capacity 562K, committed 640K, reserved 1048576K
}
Event: 1.469 GC heap before
{Heap before GC invocations=6 (full 0):
 PSYoungGen      total 272896K, used 272864K [0x000000076ae00000, 0x000000077c300000, 0x00000007c0000000)
  eden space 262144K, 100% used [0x000000076ae00000,0x000000077ae00000,0x000000077ae00000)
  from space 10752K, 99% used [0x000000077ae00000,0x000000077b878300,0x000000077b880000)
  to   space 10752K, 0% used [0x000000077b880000,0x000000077b880000,0x000000077c300000)
 ParOldGen       total 175104K, used 39380K [0x00000006c0a00000, 0x00000006cb500000, 0x000000076ae00000)
  object space 175104K, 22% used [0x00000006c0a00000,0x00000006c30750b8,0x00000006cb500000)
 Metaspace       used 4895K, capacity 5374K, committed 5504K, reserved 1056768K
  class space    used 529K, capacity 562K, committed 640K, reserved 1048576K
Event: 1.477 GC heap after
Heap after GC invocations=6 (full 0):
 PSYoungGen      total 272896K, used 10736K [0x000000076ae00000, 0x000000077c300000, 0x00000007c0000000)
  eden space 262144K, 0% used [0x000000076ae00000,0x000000076ae00000,0x000000077ae00000)
  from space 10752K, 99% used [0x000000077b880000,0x000000077c2fc310,0x000000077c300000)
  to   space 10752K, 0% used [0x000000077ae00000,0x000000077ae00000,0x000000077b880000)
 ParOldGen       total 175104K, used 39668K [0x00000006c0a00000, 0x00000006cb500000, 0x000000076ae00000)
  object space 175104K, 22% used [0x00000006c0a00000,0x00000006c30bd0c8,0x00000006cb500000)
 Metaspace       used 4895K, capacity 5374K, committed 5504K, reserved 1056768K
  class space    used 529K, capacity 562K, committed 640K, reserved 1048576K
}
Event: 1.671 GC heap before
{Heap before GC invocations=7 (full 0):
 PSYoungGen      total 272896K, used 272880K [0x000000076ae00000, 0x000000077c300000, 0x00000007c0000000)
  eden space 262144K, 100% used [0x000000076ae00000,0x000000077ae00000,0x000000077ae00000)
  from space 10752K, 99% used [0x000000077b880000,0x000000077c2fc310,0x000000077c300000)
  to   space 10752K, 0% used [0x000000077ae00000,0x000000077ae00000,0x000000077b880000)
 ParOldGen       total 175104K, used 39668K [0x00000006c0a00000, 0x00000006cb500000, 0x000000076ae00000)
  object space 175104K, 22% used [0x00000006c0a00000,0x00000006c30bd0c8,0x00000006cb500000)
 Metaspace       used 4895K, capacity 5374K, committed 5504K, reserved 1056768K
  class space    used 529K, capacity 562K, committed 640K, reserved 1048576K
Event: 1.679 GC heap after
Heap after GC invocations=7 (full 0):
 PSYoungGen      total 272896K, used 3040K [0x000000076ae00000, 0x000000077c300000, 0x00000007c0000000)
  eden space 262144K, 0% used [0x000000076ae00000,0x000000076ae00000,0x000000077ae00000)
  from space 10752K, 28% used [0x000000077ae00000,0x000000077b0f8160,0x000000077b880000)
  to   space 10752K, 0% used [0x000000077b880000,0x000000077b880000,0x000000077c300000)
 ParOldGen       total 175104K, used 47932K [0x00000006c0a00000, 0x00000006cb500000, 0x000000076ae00000)
  object space 175104K, 27% used [0x00000006c0a00000,0x00000006c38cf3f8,0x00000006cb500000)
 Metaspace       used 4895K, capacity 5374K, committed 5504K, reserved 1056768K
  class space    used 529K, capacity 562K, committed 640K, reserved 1048576K
}
Event: 1.882 GC heap before
{Heap before GC invocations=8 (full 0):
 PSYoungGen      total 272896K, used 265184K [0x000000076ae00000, 0x000000077c300000, 0x00000007c0000000)
  eden space 262144K, 100% used [0x000000076ae00000,0x000000077ae00000,0x000000077ae00000)
  from space 10752K, 28% used [0x000000077ae00000,0x000000077b0f8160,0x000000077b880000)
  to   space 10752K, 0% used [0x000000077b880000,0x000000077b880000,0x000000077c300000)
 ParOldGen       total 175104K, used 47932K [0x00000006c0a00000, 0x00000006cb500000, 0x000000076ae00000)
  object space 175104K, 27% used [0x00000006c0a00000,0x00000006c38cf3f8,0x00000006cb500000)
 Metaspace       used 4895K, capacity 5374K, committed 5504K, reserved 1056768K
  class space    used 529K, capacity 562K, committed 640K, reserved 1048576K
Event: 1.886 GC heap after
Heap after GC invocations=8 (full 0):
 PSYoungGen      total 272896K, used 1344K [0x000000076ae00000, 0x000000077c300000, 0x00000007c0000000)
  eden space 262144K, 0% used [0x000000076ae00000,0x000000076ae00000,0x000000077ae00000)
  from space 10752K, 12% used [0x000000077b880000,0x000000077b9d0000,0x000000077c300000)
  to   space 10752K, 0% used [0x000000077ae00000,0x000000077ae00000,0x000000077b880000)
 ParOldGen       total 175104K, used 49925K [0x00000006c0a00000, 0x00000006cb500000, 0x000000076ae00000)
  object space 175104K, 28% used [0x00000006c0a00000,0x00000006c3ac1688,0x00000006cb500000)
 Metaspace       used 4895K, capacity 5374K, committed 5504K, reserved 1056768K
  class space    used 529K, capacity 562K, committed 640K, reserved 1048576K
}
Event: 2.466 GC heap before
{Heap before GC invocations=9 (full 0):
 PSYoungGen      total 272896K, used 263488K [0x000000076ae00000, 0x000000077c300000, 0x00000007c0000000)
  eden space 262144K, 100% used [0x000000076ae00000,0x000000077ae00000,0x000000077ae00000)
  from space 10752K, 12% used [0x000000077b880000,0x000000077b9d0000,0x000000077c300000)
  to   space 10752K, 0% used [0x000000077ae00000,0x000000077ae00000,0x000000077b880000)
 ParOldGen       total 175104K, used 49925K [0x00000006c0a00000, 0x00000006cb500000, 0x000000076ae00000)
  object space 175104K, 28% used [0x00000006c0a00000,0x00000006c3ac1688,0x00000006cb500000)
 Metaspace       used 7887K, capacity 8030K, committed 8192K, reserved 1056768K
  class space    used 935K, capacity 978K, committed 1024K, reserved 1048576K
Event: 2.473 GC heap after
Heap after GC invocations=9 (full 0):
 PSYoungGen      total 272896K, used 10731K [0x000000076ae00000, 0x0000000788d00000, 0x00000007c0000000)
  eden space 262144K, 0% used [0x000000076ae00000,0x000000076ae00000,0x000000077ae00000)
  from space 10752K, 99% used [0x000000077ae00000,0x000000077b87ac70,0x000000077b880000)
  to   space 35328K, 0% used [0x0000000786a80000,0x0000000786a80000,0x0000000788d00000)
 ParOldGen       total 175104K, used 62034K [0x00000006c0a00000, 0x00000006cb500000, 0x000000076ae00000)
  object space 175104K, 35% used [0x00000006c0a00000,0x00000006c4694838,0x00000006cb500000)
 Metaspace       used 7887K, capacity 8030K, committed 8192K, reserved 1056768K
  class space    used 935K, capacity 978K, committed 1024K, reserved 1048576K
}

